<?xml version="1.0" encoding="windows-1252" standalone="no"?>
<!DOCTYPE log SYSTEM "logger.dtd">
<log>
<record>
  <date>2018-03-16T01:01:33</date>
  <millis>1521162093874</millis>
  <sequence>0</sequence>
  <logger>org.uma.jmetal.util.JMetalLogger</logger>
  <level>INFO</level>
  <class>org.uma.jmetal.util.JMetalLogger</class>
  <method>configureLoggers</method>
  <thread>1</thread>
  <message>Loggers configured with null</message>
</record>
<record>
  <date>2018-03-16T01:01:33</date>
  <millis>1521162093899</millis>
  <sequence>1</sequence>
  <logger>org.uma.jmetal.util.JMetalLogger</logger>
  <level>INFO</level>
  <class>org.uma.jmetal.util.experiment.component.ExecuteAlgorithms</class>
  <method>run</method>
  <thread>1</thread>
  <message>ExecuteAlgorithms: Preparing output directory</message>
</record>
<record>
  <date>2018-03-16T01:01:34</date>
  <millis>1521162094663</millis>
  <sequence>2</sequence>
  <logger>org.uma.jmetal.util.JMetalLogger</logger>
  <level>INFO</level>
  <class>org.uma.jmetal.util.experiment.util.ExperimentAlgorithm</class>
  <method>runAlgorithm</method>
  <thread>1</thread>
  <message>Creating experimentsBaseDirectory/AntiSpamFilter/data/NSGAII/DoubleProblem</message>
</record>
<record>
  <date>2018-03-16T01:01:34</date>
  <millis>1521162094664</millis>
  <sequence>3</sequence>
  <logger>org.uma.jmetal.util.JMetalLogger</logger>
  <level>INFO</level>
  <class>org.uma.jmetal.util.experiment.util.ExperimentAlgorithm</class>
  <method>runAlgorithm</method>
  <thread>1</thread>
  <message> Running algorithm: NSGAII, problem: DoubleProblem, run: 0, funFile: experimentsBaseDirectory/AntiSpamFilter/data/NSGAII/DoubleProblem/FUN0.tsv</message>
</record>
<record>
  <date>2018-03-16T01:01:35</date>
  <millis>1521162095684</millis>
  <sequence>4</sequence>
  <logger>org.uma.jmetal.util.JMetalLogger</logger>
  <level>INFO</level>
  <class>org.uma.jmetal.util.experiment.util.ExperimentAlgorithm</class>
  <method>runAlgorithm</method>
  <thread>1</thread>
  <message> Running algorithm: NSGAII, problem: DoubleProblem, run: 1, funFile: experimentsBaseDirectory/AntiSpamFilter/data/NSGAII/DoubleProblem/FUN1.tsv</message>
</record>
<record>
  <date>2018-03-16T01:01:36</date>
  <millis>1521162096399</millis>
  <sequence>5</sequence>
  <logger>org.uma.jmetal.util.JMetalLogger</logger>
  <level>INFO</level>
  <class>org.uma.jmetal.util.experiment.util.ExperimentAlgorithm</class>
  <method>runAlgorithm</method>
  <thread>1</thread>
  <message> Running algorithm: NSGAII, problem: DoubleProblem, run: 2, funFile: experimentsBaseDirectory/AntiSpamFilter/data/NSGAII/DoubleProblem/FUN2.tsv</message>
</record>
<record>
  <date>2018-03-16T01:01:36</date>
  <millis>1521162096887</millis>
  <sequence>6</sequence>
  <logger>org.uma.jmetal.util.JMetalLogger</logger>
  <level>INFO</level>
  <class>org.uma.jmetal.util.experiment.util.ExperimentAlgorithm</class>
  <method>runAlgorithm</method>
  <thread>1</thread>
  <message> Running algorithm: NSGAII, problem: DoubleProblem, run: 3, funFile: experimentsBaseDirectory/AntiSpamFilter/data/NSGAII/DoubleProblem/FUN3.tsv</message>
</record>
<record>
  <date>2018-03-16T01:01:37</date>
  <millis>1521162097356</millis>
  <sequence>7</sequence>
  <logger>org.uma.jmetal.util.JMetalLogger</logger>
  <level>INFO</level>
  <class>org.uma.jmetal.util.experiment.util.ExperimentAlgorithm</class>
  <method>runAlgorithm</method>
  <thread>1</thread>
  <message> Running algorithm: NSGAII, problem: DoubleProblem, run: 4, funFile: experimentsBaseDirectory/AntiSpamFilter/data/NSGAII/DoubleProblem/FUN4.tsv</message>
</record>
<record>
  <date>2018-03-16T01:01:38</date>
  <millis>1521162098005</millis>
  <sequence>8</sequence>
  <logger>org.uma.jmetal.util.JMetalLogger</logger>
  <level>INFO</level>
  <class>org.uma.jmetal.util.experiment.component.ComputeQualityIndicators</class>
  <method>run</method>
  <thread>1</thread>
  <message>Computing indicator: HV</message>
</record>
<record>
  <date>2018-03-16T01:01:38</date>
  <millis>1521162098006</millis>
  <sequence>9</sequence>
  <logger>org.uma.jmetal.util.JMetalLogger</logger>
  <level>INFO</level>
  <class>org.uma.jmetal.util.experiment.component.ComputeQualityIndicators</class>
  <method>run</method>
  <thread>1</thread>
  <message>RF: experimentsBaseDirectory/AntiSpamFilter/DoubleProblem.rf</message>
</record>
<record>
  <date>2018-03-16T01:01:38</date>
  <millis>1521162098011</millis>
  <sequence>10</sequence>
  <logger>org.uma.jmetal.util.JMetalLogger</logger>
  <level>INFO</level>
  <class>org.uma.jmetal.util.experiment.component.ComputeQualityIndicators</class>
  <method>resetFile</method>
  <thread>1</thread>
  <message>File experimentsBaseDirectory/AntiSpamFilter/data/NSGAII/DoubleProblem/HV does NOT exist.</message>
</record>
<record>
  <date>2018-03-16T01:01:38</date>
  <millis>1521162098015</millis>
  <sequence>11</sequence>
  <logger>org.uma.jmetal.util.JMetalLogger</logger>
  <level>INFO</level>
  <class>org.uma.jmetal.util.experiment.component.ComputeQualityIndicators</class>
  <method>run</method>
  <thread>1</thread>
  <message>HV: 0.4375</message>
</record>
<record>
  <date>2018-03-16T01:01:38</date>
  <millis>1521162098024</millis>
  <sequence>12</sequence>
  <logger>org.uma.jmetal.util.JMetalLogger</logger>
  <level>INFO</level>
  <class>org.uma.jmetal.util.experiment.component.ComputeQualityIndicators</class>
  <method>run</method>
  <thread>1</thread>
  <message>HV: 0.3541666666666667</message>
</record>
<record>
  <date>2018-03-16T01:01:38</date>
  <millis>1521162098029</millis>
  <sequence>13</sequence>
  <logger>org.uma.jmetal.util.JMetalLogger</logger>
  <level>INFO</level>
  <class>org.uma.jmetal.util.experiment.component.ComputeQualityIndicators</class>
  <method>run</method>
  <thread>1</thread>
  <message>HV: 0.25</message>
</record>
<record>
  <date>2018-03-16T01:01:38</date>
  <millis>1521162098035</millis>
  <sequence>14</sequence>
  <logger>org.uma.jmetal.util.JMetalLogger</logger>
  <level>INFO</level>
  <class>org.uma.jmetal.util.experiment.component.ComputeQualityIndicators</class>
  <method>run</method>
  <thread>1</thread>
  <message>HV: 0.22916666666666669</message>
</record>
<record>
  <date>2018-03-16T01:01:38</date>
  <millis>1521162098040</millis>
  <sequence>15</sequence>
  <logger>org.uma.jmetal.util.JMetalLogger</logger>
  <level>INFO</level>
  <class>org.uma.jmetal.util.experiment.component.ComputeQualityIndicators</class>
  <method>run</method>
  <thread>1</thread>
  <message>HV: 0.45833333333333337</message>
</record>
<record>
  <date>2018-03-16T01:01:38</date>
  <millis>1521162098334</millis>
  <sequence>16</sequence>
  <logger>org.uma.jmetal.util.JMetalLogger</logger>
  <level>INFO</level>
  <class>org.uma.jmetal.util.experiment.component.GenerateLatexTablesWithStatistics</class>
  <method>generateLatexScript</method>
  <thread>1</thread>
  <message>Creating experimentsBaseDirectory/AntiSpamFilter/latex directory</message>
</record>
</log>
